2026-05-31 09:59:04,991 INFO  base.BaseTest - UI validated
2026-05-31 09:59:05,435 INFO  base.BaseTest - invalid test success
2026-05-31 09:59:05,633 INFO  base.BaseTest - empty cred test success
2026-05-31 09:59:05,946 INFO  base.BaseTest - lockeduser test success
2026-05-31 09:59:06,272 INFO  base.BaseTest - login test success
2026-05-31 09:59:06,669 INFO  base.BaseTest - logout test success
2026-05-31 10:36:59,288 INFO  base.BaseTest - UI validated
2026-05-31 10:36:59,671 INFO  base.BaseTest - invalid test success
2026-05-31 10:36:59,861 INFO  base.BaseTest - empty cred tes success
2026-05-31 10:37:00,253 INFO  base.BaseTest - lockeduser test success
2026-05-31 10:37:00,550 INFO  base.BaseTest - login test success
2026-05-31 10:37:01,453 INFO  base.BaseTest - logout test success
2026-05-31 10:37:32,772 INFO  base.BaseTest - UI validated
2026-05-31 10:37:33,224 INFO  base.BaseTest - invalid test success
2026-05-31 10:37:33,436 INFO  base.BaseTest - empty cred test success
2026-05-31 10:37:33,759 INFO  base.BaseTest - lockeduser test success
2026-05-31 10:37:34,161 INFO  base.BaseTest - login test success
2026-05-31 10:37:35,195 INFO  base.BaseTest - logout test success
2026-05-31 10:38:43,415 INFO  base.BaseTest - UI validated
2026-05-31 10:38:43,796 INFO  base.BaseTest - invalid test success
2026-05-31 10:38:44,497 INFO  base.BaseTest - lockeduser test success
2026-05-31 10:38:44,935 INFO  base.BaseTest - login test success
2026-05-31 10:38:45,799 INFO  base.BaseTest - logout test success
2026-06-11 08:25:56,779 INFO  base.BaseTest - UI validated
2026-06-11 08:25:57,818 INFO  base.BaseTest - lockeduser test success
2026-06-11 08:25:58,294 INFO  base.BaseTest - login test success
2026-06-11 08:25:58,632 INFO  base.BaseTest - logout test success
2026-06-11 08:29:17,380 INFO  base.BaseTest - UI validated
2026-06-11 08:29:20,511 INFO  base.BaseTest - lockeduser test success
2026-06-11 08:29:21,080 INFO  base.BaseTest - login test success
2026-06-11 08:29:21,446 INFO  base.BaseTest - logout test success
2026-06-11 08:30:54,401 INFO  base.BaseTest - UI validated
2026-06-11 08:30:56,866 INFO  base.BaseTest - lockeduser test success
2026-06-11 08:30:57,258 INFO  base.BaseTest - login test success
2026-06-11 08:30:58,168 INFO  base.BaseTest - logout test success
2026-06-11 08:31:47,954 INFO  base.BaseTest - UI validated
2026-06-11 08:31:50,409 INFO  base.BaseTest - lockeduser test success
2026-06-11 08:31:50,804 INFO  base.BaseTest - login test success
2026-06-11 08:31:51,686 INFO  base.BaseTest - logout test success
2026-06-11 08:32:37,820 INFO  base.BaseTest - UI validated
2026-06-11 08:32:39,395 INFO  base.BaseTest - invalid test success
2026-06-11 08:32:40,421 INFO  base.BaseTest - lockeduser test success
2026-06-11 08:32:40,990 INFO  base.BaseTest - login test success
2026-06-11 08:32:42,026 INFO  base.BaseTest - logout test success
2026-06-11 08:34:31,754 INFO  base.BaseTest - UI validated
2026-06-11 08:34:33,801 INFO  base.BaseTest - invalid test success
2026-06-11 08:34:34,080 INFO  base.BaseTest - empty cred test success
2026-06-11 08:34:34,547 INFO  base.BaseTest - lockeduser test success
2026-06-11 08:34:34,995 INFO  base.BaseTest - login test success
2026-06-11 08:34:35,869 INFO  base.BaseTest - logout test success
